<?xml version="1.0" encoding="UTF-8"?>
<robot generator="Robot 4.1 (Python 3.8.0 on win32)" generated="20220802 14:28:23.189" rpa="false" schemaversion="2">
<suite id="s1" name="RobotTestMelissa" source="D:\RobotTestMelissa">
<suite id="s1-s1" name="RobotTest" source="D:\RobotTestMelissa\RobotTest">
<suite id="s1-s1-s1" name="TestSuite" source="D:\RobotTestMelissa\RobotTest\TestSuite">
<suite id="s1-s1-s1-s1" name="SehatQWeb" source="D:\RobotTestMelissa\RobotTest\TestSuite\SehatQWeb.robot">
<test id="s1-s1-s1-s1-t1" name="RegistrasiTestN1">
<kw name="Open Browser" library="SeleniumLibrary">
<arg>${registrasion}</arg>
<arg>chrome</arg>
<doc>Opens a new browser instance to the optional ``url``.</doc>
<msg timestamp="20220802 14:28:23.449" level="INFO">Opening browser 'chrome' to base url 'https://account.sehatq.com/daftar/email'.</msg>
<status status="PASS" starttime="20220802 14:28:23.448" endtime="20220802 14:28:47.573"/>
</kw>
<kw name="Maximize Browser Window" library="SeleniumLibrary">
<doc>Maximizes current browser window.</doc>
<status status="PASS" starttime="20220802 14:28:47.576" endtime="20220802 14:28:47.705"/>
</kw>
<kw name="Sleep" library="BuiltIn">
<arg>5</arg>
<doc>Pauses the test executed for the given time.</doc>
<msg timestamp="20220802 14:28:52.714" level="INFO">Slept 5 seconds</msg>
<status status="PASS" starttime="20220802 14:28:47.705" endtime="20220802 14:28:52.715"/>
</kw>
<kw name="Input Text" library="SeleniumLibrary">
<arg>id=name</arg>
<arg>M</arg>
<doc>Types the given ``text`` into the text field identified by ``locator``.</doc>
<msg timestamp="20220802 14:28:52.719" level="INFO">Typing text 'M' into text field 'id=name'.</msg>
<status status="PASS" starttime="20220802 14:28:52.716" endtime="20220802 14:28:52.831"/>
</kw>
<kw name="Input Text" library="SeleniumLibrary">
<arg>id=email</arg>
<arg>yohanalubis@gmail.com</arg>
<doc>Types the given ``text`` into the text field identified by ``locator``.</doc>
<msg timestamp="20220802 14:28:52.831" level="INFO">Typing text 'yohanalubis@gmail.com' into text field 'id=email'.</msg>
<status status="PASS" starttime="20220802 14:28:52.831" endtime="20220802 14:28:53.073"/>
</kw>
<kw name="Input Password" library="SeleniumLibrary">
<arg>${passwordR}</arg>
<arg>ber</arg>
<doc>Types the given password into the text field identified by ``locator``.</doc>
<msg timestamp="20220802 14:28:53.074" level="INFO">Typing password into text field 'xpath=//body/div[@id='__next']/div[1]/div[1]/div[1]/div[1]/div[2]/div[1]/form[1]/div[3]/div[1]/label[1]/input[1]'.</msg>
<msg timestamp="20220802 14:28:53.114" level="INFO">Temporally setting log level to: NONE</msg>
<msg timestamp="20220802 14:28:53.197" level="INFO">Log level changed from NONE to INFO.</msg>
<status status="PASS" starttime="20220802 14:28:53.073" endtime="20220802 14:28:53.198"/>
</kw>
<kw name="Click Element" library="SeleniumLibrary">
<arg>xpath=//*[contains(text(),'Saya menyetujui')]</arg>
<doc>Click the element identified by ``locator``.</doc>
<msg timestamp="20220802 14:28:53.200" level="INFO">Clicking element 'xpath=//*[contains(text(),'Saya menyetujui')]'.</msg>
<status status="PASS" starttime="20220802 14:28:53.199" endtime="20220802 14:28:53.281"/>
</kw>
<kw name="Click Button" library="SeleniumLibrary">
<arg>xpath=//button[contains(text(),'Daftar')]</arg>
<doc>Clicks the button identified by ``locator``.</doc>
<msg timestamp="20220802 14:28:53.283" level="INFO">Clicking button 'xpath=//button[contains(text(),'Daftar')]'.</msg>
<status status="PASS" starttime="20220802 14:28:53.282" endtime="20220802 14:28:53.353"/>
</kw>
<kw name="Sleep" library="BuiltIn">
<arg>5</arg>
<doc>Pauses the test executed for the given time.</doc>
<msg timestamp="20220802 14:28:58.359" level="INFO">Slept 5 seconds</msg>
<status status="PASS" starttime="20220802 14:28:53.353" endtime="20220802 14:28:58.359"/>
</kw>
<kw name="Capture Page Screenshot" library="SeleniumLibrary">
<doc>Takes a screenshot of the current page and embeds it into a log file.</doc>
<msg timestamp="20220802 14:28:58.519" level="INFO" html="true">&lt;/td&gt;&lt;/tr&gt;&lt;tr&gt;&lt;td colspan="3"&gt;&lt;a href="selenium-screenshot-3.png"&gt;&lt;img src="selenium-screenshot-3.png" width="800px"&gt;&lt;/a&gt;</msg>
<status status="PASS" starttime="20220802 14:28:58.359" endtime="20220802 14:28:58.519"/>
</kw>
<kw name="Close Browser" library="SeleniumLibrary">
<doc>Closes the current browser.</doc>
<status status="PASS" starttime="20220802 14:28:58.519" endtime="20220802 14:29:00.699"/>
</kw>
<kw name="Log" library="BuiltIn">
<arg>Test Selesai</arg>
<doc>Logs the given message with the given level.</doc>
<msg timestamp="20220802 14:29:00.699" level="INFO">Test Selesai</msg>
<status status="PASS" starttime="20220802 14:29:00.699" endtime="20220802 14:29:00.699"/>
</kw>
<status status="PASS" starttime="20220802 14:28:23.447" endtime="20220802 14:29:00.699"/>
</test>
<test id="s1-s1-s1-s1-t2" name="RegistrasiTestN2">
<kw name="Open Browser" library="SeleniumLibrary">
<arg>${registrasion}</arg>
<arg>chrome</arg>
<doc>Opens a new browser instance to the optional ``url``.</doc>
<msg timestamp="20220802 14:29:00.699" level="INFO">Opening browser 'chrome' to base url 'https://account.sehatq.com/daftar/email'.</msg>
<status status="PASS" starttime="20220802 14:29:00.699" endtime="20220802 14:29:14.106"/>
</kw>
<kw name="Maximize Browser Window" library="SeleniumLibrary">
<doc>Maximizes current browser window.</doc>
<status status="PASS" starttime="20220802 14:29:14.107" endtime="20220802 14:29:14.246"/>
</kw>
<kw name="Sleep" library="BuiltIn">
<arg>5</arg>
<doc>Pauses the test executed for the given time.</doc>
<msg timestamp="20220802 14:29:19.260" level="INFO">Slept 5 seconds</msg>
<status status="PASS" starttime="20220802 14:29:14.247" endtime="20220802 14:29:19.261"/>
</kw>
<kw name="Input Text" library="SeleniumLibrary">
<arg>id=name</arg>
<arg>M</arg>
<doc>Types the given ``text`` into the text field identified by ``locator``.</doc>
<msg timestamp="20220802 14:29:19.263" level="INFO">Typing text 'M' into text field 'id=name'.</msg>
<status status="PASS" starttime="20220802 14:29:19.262" endtime="20220802 14:29:19.386"/>
</kw>
<kw name="Input Text" library="SeleniumLibrary">
<arg>id=email</arg>
<arg>yohanalubis16@</arg>
<doc>Types the given ``text`` into the text field identified by ``locator``.</doc>
<msg timestamp="20220802 14:29:19.387" level="INFO">Typing text 'yohanalubis16@' into text field 'id=email'.</msg>
<status status="PASS" starttime="20220802 14:29:19.387" endtime="20220802 14:29:19.592"/>
</kw>
<kw name="Input Password" library="SeleniumLibrary">
<arg>${passwordR}</arg>
<arg>berkembang1</arg>
<doc>Types the given password into the text field identified by ``locator``.</doc>
<msg timestamp="20220802 14:29:19.594" level="INFO">Typing password into text field 'xpath=//body/div[@id='__next']/div[1]/div[1]/div[1]/div[1]/div[2]/div[1]/form[1]/div[3]/div[1]/label[1]/input[1]'.</msg>
<msg timestamp="20220802 14:29:19.647" level="INFO">Temporally setting log level to: NONE</msg>
<msg timestamp="20220802 14:29:19.807" level="INFO">Log level changed from NONE to INFO.</msg>
<status status="PASS" starttime="20220802 14:29:19.592" endtime="20220802 14:29:19.808"/>
</kw>
<kw name="Click Element" library="SeleniumLibrary">
<arg>xpath=//*[contains(text(),'Saya menyetujui')]</arg>
<doc>Click the element identified by ``locator``.</doc>
<msg timestamp="20220802 14:29:19.809" level="INFO">Clicking element 'xpath=//*[contains(text(),'Saya menyetujui')]'.</msg>
<status status="PASS" starttime="20220802 14:29:19.808" endtime="20220802 14:29:19.898"/>
</kw>
<kw name="Click Element" library="SeleniumLibrary">
<arg>xpath=//button[contains(text(),'Daftar')]</arg>
<doc>Click the element identified by ``locator``.</doc>
<msg timestamp="20220802 14:29:19.900" level="INFO">Clicking element 'xpath=//button[contains(text(),'Daftar')]'.</msg>
<status status="PASS" starttime="20220802 14:29:19.899" endtime="20220802 14:29:19.958"/>
</kw>
<kw name="Sleep" library="BuiltIn">
<arg>5</arg>
<doc>Pauses the test executed for the given time.</doc>
<msg timestamp="20220802 14:29:24.960" level="INFO">Slept 5 seconds</msg>
<status status="PASS" starttime="20220802 14:29:19.958" endtime="20220802 14:29:24.960"/>
</kw>
<kw name="Close Browser" library="SeleniumLibrary">
<doc>Closes the current browser.</doc>
<status status="PASS" starttime="20220802 14:29:24.960" endtime="20220802 14:29:27.150"/>
</kw>
<kw name="Log" library="BuiltIn">
<arg>Test Selesai</arg>
<doc>Logs the given message with the given level.</doc>
<msg timestamp="20220802 14:29:27.154" level="INFO">Test Selesai</msg>
<status status="PASS" starttime="20220802 14:29:27.150" endtime="20220802 14:29:27.154"/>
</kw>
<status status="PASS" starttime="20220802 14:29:00.699" endtime="20220802 14:29:27.155"/>
</test>
<test id="s1-s1-s1-s1-t3" name="RegistrasiTestN3">
<kw name="Open Browser" library="SeleniumLibrary">
<arg>${registrasion}</arg>
<arg>chrome</arg>
<doc>Opens a new browser instance to the optional ``url``.</doc>
<msg timestamp="20220802 14:29:27.160" level="INFO">Opening browser 'chrome' to base url 'https://account.sehatq.com/daftar/email'.</msg>
<status status="PASS" starttime="20220802 14:29:27.158" endtime="20220802 14:29:30.072"/>
</kw>
<kw name="Maximize Browser Window" library="SeleniumLibrary">
<doc>Maximizes current browser window.</doc>
<status status="PASS" starttime="20220802 14:29:30.073" endtime="20220802 14:29:30.200"/>
</kw>
<kw name="Sleep" library="BuiltIn">
<arg>5</arg>
<doc>Pauses the test executed for the given time.</doc>
<msg timestamp="20220802 14:29:35.205" level="INFO">Slept 5 seconds</msg>
<status status="PASS" starttime="20220802 14:29:30.201" endtime="20220802 14:29:35.206"/>
</kw>
<kw name="Input Text" library="SeleniumLibrary">
<arg>id=name</arg>
<arg>M</arg>
<doc>Types the given ``text`` into the text field identified by ``locator``.</doc>
<msg timestamp="20220802 14:29:35.208" level="INFO">Typing text 'M' into text field 'id=name'.</msg>
<status status="PASS" starttime="20220802 14:29:35.207" endtime="20220802 14:29:35.326"/>
</kw>
<kw name="Input Text" library="SeleniumLibrary">
<arg>id=email</arg>
<arg>panjaitanmelissa95</arg>
<doc>Types the given ``text`` into the text field identified by ``locator``.</doc>
<msg timestamp="20220802 14:29:35.327" level="INFO">Typing text 'panjaitanmelissa95' into text field 'id=email'.</msg>
<status status="PASS" starttime="20220802 14:29:35.326" endtime="20220802 14:29:35.540"/>
</kw>
<kw name="Input Password" library="SeleniumLibrary">
<arg>${passwordR}</arg>
<arg>ber</arg>
<doc>Types the given password into the text field identified by ``locator``.</doc>
<msg timestamp="20220802 14:29:35.541" level="INFO">Typing password into text field 'xpath=//body/div[@id='__next']/div[1]/div[1]/div[1]/div[1]/div[2]/div[1]/form[1]/div[3]/div[1]/label[1]/input[1]'.</msg>
<msg timestamp="20220802 14:29:35.588" level="INFO">Temporally setting log level to: NONE</msg>
<msg timestamp="20220802 14:29:35.659" level="INFO">Log level changed from NONE to INFO.</msg>
<status status="PASS" starttime="20220802 14:29:35.540" endtime="20220802 14:29:35.660"/>
</kw>
<kw name="Click Element" library="SeleniumLibrary">
<arg>xpath=//*[contains(text(),'Saya menyetujui')]</arg>
<doc>Click the element identified by ``locator``.</doc>
<msg timestamp="20220802 14:29:35.662" level="INFO">Clicking element 'xpath=//*[contains(text(),'Saya menyetujui')]'.</msg>
<status status="PASS" starttime="20220802 14:29:35.661" endtime="20220802 14:29:35.749"/>
</kw>
<kw name="Click Element" library="SeleniumLibrary">
<arg>xpath=//button[contains(text(),'Daftar')]</arg>
<doc>Click the element identified by ``locator``.</doc>
<msg timestamp="20220802 14:29:35.750" level="INFO">Clicking element 'xpath=//button[contains(text(),'Daftar')]'.</msg>
<status status="PASS" starttime="20220802 14:29:35.749" endtime="20220802 14:29:35.826"/>
</kw>
<kw name="Sleep" library="BuiltIn">
<arg>5</arg>
<doc>Pauses the test executed for the given time.</doc>
<msg timestamp="20220802 14:29:40.842" level="INFO">Slept 5 seconds</msg>
<status status="PASS" starttime="20220802 14:29:35.827" endtime="20220802 14:29:40.842"/>
</kw>
<kw name="Close Browser" library="SeleniumLibrary">
<doc>Closes the current browser.</doc>
<status status="PASS" starttime="20220802 14:29:40.842" endtime="20220802 14:29:43.008"/>
</kw>
<kw name="Log" library="BuiltIn">
<arg>Test Selesai</arg>
<doc>Logs the given message with the given level.</doc>
<msg timestamp="20220802 14:29:43.008" level="INFO">Test Selesai</msg>
<status status="PASS" starttime="20220802 14:29:43.008" endtime="20220802 14:29:43.008"/>
</kw>
<status status="PASS" starttime="20220802 14:29:27.156" endtime="20220802 14:29:43.008"/>
</test>
<test id="s1-s1-s1-s1-t4" name="RegistrasiTest">
<kw name="Open Browser" library="SeleniumLibrary">
<arg>${registrasion}</arg>
<arg>chrome</arg>
<doc>Opens a new browser instance to the optional ``url``.</doc>
<msg timestamp="20220802 14:29:43.008" level="INFO">Opening browser 'chrome' to base url 'https://account.sehatq.com/daftar/email'.</msg>
<status status="PASS" starttime="20220802 14:29:43.008" endtime="20220802 14:29:45.969"/>
</kw>
<kw name="Maximize Browser Window" library="SeleniumLibrary">
<doc>Maximizes current browser window.</doc>
<status status="PASS" starttime="20220802 14:29:45.969" endtime="20220802 14:29:46.089"/>
</kw>
<kw name="Sleep" library="BuiltIn">
<arg>5</arg>
<doc>Pauses the test executed for the given time.</doc>
<msg timestamp="20220802 14:29:51.104" level="INFO">Slept 5 seconds</msg>
<status status="PASS" starttime="20220802 14:29:46.090" endtime="20220802 14:29:51.105"/>
</kw>
<kw name="Input Text" library="SeleniumLibrary">
<arg>id=name</arg>
<arg>Yohana</arg>
<doc>Types the given ``text`` into the text field identified by ``locator``.</doc>
<msg timestamp="20220802 14:29:51.108" level="INFO">Typing text 'Yohana' into text field 'id=name'.</msg>
<status status="PASS" starttime="20220802 14:29:51.106" endtime="20220802 14:29:51.252"/>
</kw>
<kw name="Input Text" library="SeleniumLibrary">
<arg>id=email</arg>
<arg>yohanalubis@gmail.com</arg>
<doc>Types the given ``text`` into the text field identified by ``locator``.</doc>
<msg timestamp="20220802 14:29:51.253" level="INFO">Typing text 'yohanalubis@gmail.com' into text field 'id=email'.</msg>
<status status="PASS" starttime="20220802 14:29:51.252" endtime="20220802 14:29:51.475"/>
</kw>
<kw name="Input Password" library="SeleniumLibrary">
<arg>${passwordR}</arg>
<arg>yohana1234</arg>
<doc>Types the given password into the text field identified by ``locator``.</doc>
<msg timestamp="20220802 14:29:51.476" level="INFO">Typing password into text field 'xpath=//body/div[@id='__next']/div[1]/div[1]/div[1]/div[1]/div[2]/div[1]/form[1]/div[3]/div[1]/label[1]/input[1]'.</msg>
<msg timestamp="20220802 14:29:51.519" level="INFO">Temporally setting log level to: NONE</msg>
<msg timestamp="20220802 14:29:51.634" level="INFO">Log level changed from NONE to INFO.</msg>
<status status="PASS" starttime="20220802 14:29:51.475" endtime="20220802 14:29:51.634"/>
</kw>
<kw name="Click Element" library="SeleniumLibrary">
<arg>xpath=//*[contains(text(),'Saya menyetujui')]</arg>
<doc>Click the element identified by ``locator``.</doc>
<msg timestamp="20220802 14:29:51.635" level="INFO">Clicking element 'xpath=//*[contains(text(),'Saya menyetujui')]'.</msg>
<status status="PASS" starttime="20220802 14:29:51.634" endtime="20220802 14:29:51.727"/>
</kw>
<kw name="Click Element" library="SeleniumLibrary">
<arg>xpath=//button[contains(text(),'Daftar')]</arg>
<doc>Click the element identified by ``locator``.</doc>
<msg timestamp="20220802 14:29:51.729" level="INFO">Clicking element 'xpath=//button[contains(text(),'Daftar')]'.</msg>
<status status="PASS" starttime="20220802 14:29:51.728" endtime="20220802 14:29:51.827"/>
</kw>
<kw name="Sleep" library="BuiltIn">
<arg>5</arg>
<doc>Pauses the test executed for the given time.</doc>
<msg timestamp="20220802 14:29:56.836" level="INFO">Slept 5 seconds</msg>
<status status="PASS" starttime="20220802 14:29:51.828" endtime="20220802 14:29:56.837"/>
</kw>
<kw name="Close Browser" library="SeleniumLibrary">
<doc>Closes the current browser.</doc>
<status status="PASS" starttime="20220802 14:29:56.837" endtime="20220802 14:29:59.042"/>
</kw>
<kw name="Log" library="BuiltIn">
<arg>Test Selesai</arg>
<doc>Logs the given message with the given level.</doc>
<msg timestamp="20220802 14:29:59.042" level="INFO">Test Selesai</msg>
<status status="PASS" starttime="20220802 14:29:59.042" endtime="20220802 14:29:59.042"/>
</kw>
<status status="PASS" starttime="20220802 14:29:43.008" endtime="20220802 14:29:59.042"/>
</test>
<test id="s1-s1-s1-s1-t5" name="LoginTestN1">
<kw name="Open Browser" library="SeleniumLibrary">
<arg>${link}</arg>
<arg>chrome</arg>
<doc>Opens a new browser instance to the optional ``url``.</doc>
<msg timestamp="20220802 14:29:59.042" level="INFO">Opening browser 'chrome' to base url 'https://account.sehatq.com/login'.</msg>
<status status="PASS" starttime="20220802 14:29:59.042" endtime="20220802 14:30:01.832"/>
</kw>
<kw name="Maximize Browser Window" library="SeleniumLibrary">
<doc>Maximizes current browser window.</doc>
<status status="PASS" starttime="20220802 14:30:01.833" endtime="20220802 14:30:01.956"/>
</kw>
<kw name="Sleep" library="BuiltIn">
<arg>10</arg>
<doc>Pauses the test executed for the given time.</doc>
<msg timestamp="20220802 14:30:11.976" level="INFO">Slept 10 seconds</msg>
<status status="PASS" starttime="20220802 14:30:01.957" endtime="20220802 14:30:11.976"/>
</kw>
<kw name="Input Text" library="SeleniumLibrary">
<arg>id=email</arg>
<arg>panjaitanmelissa95@gmail</arg>
<doc>Types the given ``text`` into the text field identified by ``locator``.</doc>
<msg timestamp="20220802 14:30:11.976" level="INFO">Typing text 'panjaitanmelissa95@gmail' into text field 'id=email'.</msg>
<status status="PASS" starttime="20220802 14:30:11.976" endtime="20220802 14:30:12.266"/>
</kw>
<kw name="Input Password" library="SeleniumLibrary">
<arg>${passwordL}</arg>
<arg>berkembang1</arg>
<doc>Types the given password into the text field identified by ``locator``.</doc>
<msg timestamp="20220802 14:30:12.266" level="INFO">Typing password into text field 'xpath=//body/div[@id='__next']/div[1]/div[1]/div[1]/div[1]/div[2]/div[1]/form[1]/div[2]/div[1]/label[1]/input[1]'.</msg>
<msg timestamp="20220802 14:30:12.307" level="INFO">Temporally setting log level to: NONE</msg>
<msg timestamp="20220802 14:30:12.451" level="INFO">Log level changed from NONE to INFO.</msg>
<status status="PASS" starttime="20220802 14:30:12.266" endtime="20220802 14:30:12.451"/>
</kw>
<kw name="Click Element" library="SeleniumLibrary">
<arg>${login}</arg>
<doc>Click the element identified by ``locator``.</doc>
<msg timestamp="20220802 14:30:12.453" level="INFO">Clicking element 'xpath=//button[contains(text(),'Login')]'.</msg>
<status status="PASS" starttime="20220802 14:30:12.452" endtime="20220802 14:30:12.532"/>
</kw>
<kw name="Sleep" library="BuiltIn">
<arg>5</arg>
<doc>Pauses the test executed for the given time.</doc>
<msg timestamp="20220802 14:30:17.539" level="INFO">Slept 5 seconds</msg>
<status status="PASS" starttime="20220802 14:30:12.534" endtime="20220802 14:30:17.539"/>
</kw>
<kw name="Close Browser" library="SeleniumLibrary">
<doc>Closes the current browser.</doc>
<status status="PASS" starttime="20220802 14:30:17.539" endtime="20220802 14:30:19.711"/>
</kw>
<kw name="Log" library="BuiltIn">
<arg>Test SelesaiLoginTest</arg>
<doc>Logs the given message with the given level.</doc>
<msg timestamp="20220802 14:30:19.711" level="INFO">Test SelesaiLoginTest</msg>
<status status="PASS" starttime="20220802 14:30:19.711" endtime="20220802 14:30:19.711"/>
</kw>
<status status="PASS" starttime="20220802 14:29:59.042" endtime="20220802 14:30:19.711"/>
</test>
<test id="s1-s1-s1-s1-t6" name="LoginTestN11">
<kw name="Open Browser" library="SeleniumLibrary">
<arg>${link}</arg>
<arg>chrome</arg>
<doc>Opens a new browser instance to the optional ``url``.</doc>
<msg timestamp="20220802 14:30:19.711" level="INFO">Opening browser 'chrome' to base url 'https://account.sehatq.com/login'.</msg>
<status status="PASS" starttime="20220802 14:30:19.711" endtime="20220802 14:30:24.861"/>
</kw>
<kw name="Maximize Browser Window" library="SeleniumLibrary">
<doc>Maximizes current browser window.</doc>
<status status="PASS" starttime="20220802 14:30:24.862" endtime="20220802 14:30:24.985"/>
</kw>
<kw name="Sleep" library="BuiltIn">
<arg>10</arg>
<doc>Pauses the test executed for the given time.</doc>
<msg timestamp="20220802 14:30:34.991" level="INFO">Slept 10 seconds</msg>
<status status="PASS" starttime="20220802 14:30:24.985" endtime="20220802 14:30:34.991"/>
</kw>
<kw name="Input Password" library="SeleniumLibrary">
<arg>${passwordL}</arg>
<arg>berkembang1</arg>
<doc>Types the given password into the text field identified by ``locator``.</doc>
<msg timestamp="20220802 14:30:34.991" level="INFO">Typing password into text field 'xpath=//body/div[@id='__next']/div[1]/div[1]/div[1]/div[1]/div[2]/div[1]/form[1]/div[2]/div[1]/label[1]/input[1]'.</msg>
<msg timestamp="20220802 14:30:35.036" level="INFO">Temporally setting log level to: NONE</msg>
<msg timestamp="20220802 14:30:35.227" level="INFO">Log level changed from NONE to INFO.</msg>
<status status="PASS" starttime="20220802 14:30:34.991" endtime="20220802 14:30:35.228"/>
</kw>
<kw name="Click Element" library="SeleniumLibrary">
<arg>${login}</arg>
<doc>Click the element identified by ``locator``.</doc>
<msg timestamp="20220802 14:30:35.229" level="INFO">Clicking element 'xpath=//button[contains(text(),'Login')]'.</msg>
<status status="PASS" starttime="20220802 14:30:35.228" endtime="20220802 14:30:35.305"/>
</kw>
<kw name="Sleep" library="BuiltIn">
<arg>5</arg>
<doc>Pauses the test executed for the given time.</doc>
<msg timestamp="20220802 14:30:40.326" level="INFO">Slept 5 seconds</msg>
<status status="PASS" starttime="20220802 14:30:35.306" endtime="20220802 14:30:40.326"/>
</kw>
<kw name="Close Browser" library="SeleniumLibrary">
<doc>Closes the current browser.</doc>
<status status="PASS" starttime="20220802 14:30:40.326" endtime="20220802 14:30:42.534"/>
</kw>
<kw name="Log" library="BuiltIn">
<arg>Test SelesaiLoginTest</arg>
<doc>Logs the given message with the given level.</doc>
<msg timestamp="20220802 14:30:42.534" level="INFO">Test SelesaiLoginTest</msg>
<status status="PASS" starttime="20220802 14:30:42.534" endtime="20220802 14:30:42.534"/>
</kw>
<status status="PASS" starttime="20220802 14:30:19.711" endtime="20220802 14:30:42.534"/>
</test>
<test id="s1-s1-s1-s1-t7" name="LoginTestN2">
<kw name="Open Browser" library="SeleniumLibrary">
<arg>${link}</arg>
<arg>chrome</arg>
<doc>Opens a new browser instance to the optional ``url``.</doc>
<msg timestamp="20220802 14:30:42.534" level="INFO">Opening browser 'chrome' to base url 'https://account.sehatq.com/login'.</msg>
<status status="PASS" starttime="20220802 14:30:42.534" endtime="20220802 14:30:45.528"/>
</kw>
<kw name="Maximize Browser Window" library="SeleniumLibrary">
<doc>Maximizes current browser window.</doc>
<status status="PASS" starttime="20220802 14:30:45.528" endtime="20220802 14:30:45.644"/>
</kw>
<kw name="Sleep" library="BuiltIn">
<arg>10</arg>
<doc>Pauses the test executed for the given time.</doc>
<msg timestamp="20220802 14:30:55.656" level="INFO">Slept 10 seconds</msg>
<status status="PASS" starttime="20220802 14:30:45.645" endtime="20220802 14:30:55.656"/>
</kw>
<kw name="Input Text" library="SeleniumLibrary">
<arg>id=email</arg>
<arg>panjaitanmelissa95@gmail.com</arg>
<doc>Types the given ``text`` into the text field identified by ``locator``.</doc>
<msg timestamp="20220802 14:30:55.656" level="INFO">Typing text 'panjaitanmelissa95@gmail.com' into text field 'id=email'.</msg>
<status status="PASS" starttime="20220802 14:30:55.656" endtime="20220802 14:30:55.963"/>
</kw>
<kw name="Input Password" library="SeleniumLibrary">
<arg>${passwordL}</arg>
<arg>berkemb</arg>
<doc>Types the given password into the text field identified by ``locator``.</doc>
<msg timestamp="20220802 14:30:55.964" level="INFO">Typing password into text field 'xpath=//body/div[@id='__next']/div[1]/div[1]/div[1]/div[1]/div[2]/div[1]/form[1]/div[2]/div[1]/label[1]/input[1]'.</msg>
<msg timestamp="20220802 14:30:56.006" level="INFO">Temporally setting log level to: NONE</msg>
<msg timestamp="20220802 14:30:56.122" level="INFO">Log level changed from NONE to INFO.</msg>
<status status="PASS" starttime="20220802 14:30:55.963" endtime="20220802 14:30:56.123"/>
</kw>
<kw name="Click Element" library="SeleniumLibrary">
<arg>${login}</arg>
<doc>Click the element identified by ``locator``.</doc>
<msg timestamp="20220802 14:30:56.125" level="INFO">Clicking element 'xpath=//button[contains(text(),'Login')]'.</msg>
<status status="PASS" starttime="20220802 14:30:56.123" endtime="20220802 14:30:56.230"/>
</kw>
<kw name="Sleep" library="BuiltIn">
<arg>5</arg>
<doc>Pauses the test executed for the given time.</doc>
<msg timestamp="20220802 14:31:01.244" level="INFO">Slept 5 seconds</msg>
<status status="PASS" starttime="20220802 14:30:56.231" endtime="20220802 14:31:01.244"/>
</kw>
<kw name="Close Browser" library="SeleniumLibrary">
<doc>Closes the current browser.</doc>
<status status="PASS" starttime="20220802 14:31:01.244" endtime="20220802 14:31:03.427"/>
</kw>
<kw name="Log" library="BuiltIn">
<arg>Test Selesai</arg>
<doc>Logs the given message with the given level.</doc>
<msg timestamp="20220802 14:31:03.427" level="INFO">Test Selesai</msg>
<status status="PASS" starttime="20220802 14:31:03.427" endtime="20220802 14:31:03.427"/>
</kw>
<status status="PASS" starttime="20220802 14:30:42.534" endtime="20220802 14:31:03.427"/>
</test>
<test id="s1-s1-s1-s1-t8" name="LoginTestN3">
<kw name="Open Browser" library="SeleniumLibrary">
<arg>${link}</arg>
<arg>chrome</arg>
<doc>Opens a new browser instance to the optional ``url``.</doc>
<msg timestamp="20220802 14:31:03.427" level="INFO">Opening browser 'chrome' to base url 'https://account.sehatq.com/login'.</msg>
<status status="PASS" starttime="20220802 14:31:03.427" endtime="20220802 14:31:15.267"/>
</kw>
<kw name="Maximize Browser Window" library="SeleniumLibrary">
<doc>Maximizes current browser window.</doc>
<status status="PASS" starttime="20220802 14:31:15.267" endtime="20220802 14:31:15.396"/>
</kw>
<kw name="Sleep" library="BuiltIn">
<arg>10</arg>
<doc>Pauses the test executed for the given time.</doc>
<msg timestamp="20220802 14:31:25.413" level="INFO">Slept 10 seconds</msg>
<status status="PASS" starttime="20220802 14:31:15.397" endtime="20220802 14:31:25.413"/>
</kw>
<kw name="Input Text" library="SeleniumLibrary">
<arg>id=email</arg>
<arg>panjaitanmelissa95@gmai</arg>
<doc>Types the given ``text`` into the text field identified by ``locator``.</doc>
<msg timestamp="20220802 14:31:25.413" level="INFO">Typing text 'panjaitanmelissa95@gmai' into text field 'id=email'.</msg>
<status status="PASS" starttime="20220802 14:31:25.413" endtime="20220802 14:31:25.704"/>
</kw>
<kw name="Input Password" library="SeleniumLibrary">
<arg>${passwordL}</arg>
<arg>berkemb</arg>
<doc>Types the given password into the text field identified by ``locator``.</doc>
<msg timestamp="20220802 14:31:25.705" level="INFO">Typing password into text field 'xpath=//body/div[@id='__next']/div[1]/div[1]/div[1]/div[1]/div[2]/div[1]/form[1]/div[2]/div[1]/label[1]/input[1]'.</msg>
<msg timestamp="20220802 14:31:25.725" level="INFO">Temporally setting log level to: NONE</msg>
<msg timestamp="20220802 14:31:25.862" level="INFO">Log level changed from NONE to INFO.</msg>
<status status="PASS" starttime="20220802 14:31:25.704" endtime="20220802 14:31:25.863"/>
</kw>
<kw name="Click Element" library="SeleniumLibrary">
<arg>${login}</arg>
<doc>Click the element identified by ``locator``.</doc>
<msg timestamp="20220802 14:31:25.864" level="INFO">Clicking element 'xpath=//button[contains(text(),'Login')]'.</msg>
<status status="PASS" starttime="20220802 14:31:25.864" endtime="20220802 14:31:25.931"/>
</kw>
<kw name="Sleep" library="BuiltIn">
<arg>5</arg>
<doc>Pauses the test executed for the given time.</doc>
<msg timestamp="20220802 14:31:30.937" level="INFO">Slept 5 seconds</msg>
<status status="PASS" starttime="20220802 14:31:25.932" endtime="20220802 14:31:30.937"/>
</kw>
<kw name="Close Browser" library="SeleniumLibrary">
<doc>Closes the current browser.</doc>
<status status="PASS" starttime="20220802 14:31:30.937" endtime="20220802 14:31:33.132"/>
</kw>
<kw name="Log" library="BuiltIn">
<arg>Test Selesai</arg>
<doc>Logs the given message with the given level.</doc>
<msg timestamp="20220802 14:31:33.144" level="INFO">Test Selesai</msg>
<status status="PASS" starttime="20220802 14:31:33.132" endtime="20220802 14:31:33.144"/>
</kw>
<status status="PASS" starttime="20220802 14:31:03.427" endtime="20220802 14:31:33.144"/>
</test>
<test id="s1-s1-s1-s1-t9" name="LoginTest">
<kw name="Open Browser" library="SeleniumLibrary">
<arg>${link}</arg>
<arg>chrome</arg>
<doc>Opens a new browser instance to the optional ``url``.</doc>
<msg timestamp="20220802 14:31:33.148" level="INFO">Opening browser 'chrome' to base url 'https://account.sehatq.com/login'.</msg>
<status status="PASS" starttime="20220802 14:31:33.148" endtime="20220802 14:31:35.839"/>
</kw>
<kw name="Maximize Browser Window" library="SeleniumLibrary">
<doc>Maximizes current browser window.</doc>
<status status="PASS" starttime="20220802 14:31:35.840" endtime="20220802 14:31:35.953"/>
</kw>
<kw name="Sleep" library="BuiltIn">
<arg>10</arg>
<doc>Pauses the test executed for the given time.</doc>
<msg timestamp="20220802 14:31:45.966" level="INFO">Slept 10 seconds</msg>
<status status="PASS" starttime="20220802 14:31:35.953" endtime="20220802 14:31:45.966"/>
</kw>
<kw name="Input Text" library="SeleniumLibrary">
<arg>id=email</arg>
<arg>panjaitanmelissa95@gmail.com</arg>
<doc>Types the given ``text`` into the text field identified by ``locator``.</doc>
<msg timestamp="20220802 14:31:45.966" level="INFO">Typing text 'panjaitanmelissa95@gmail.com' into text field 'id=email'.</msg>
<status status="PASS" starttime="20220802 14:31:45.966" endtime="20220802 14:31:46.277"/>
</kw>
<kw name="Input Password" library="SeleniumLibrary">
<arg>${passwordL}</arg>
<arg>berkembang1</arg>
<doc>Types the given password into the text field identified by ``locator``.</doc>
<msg timestamp="20220802 14:31:46.278" level="INFO">Typing password into text field 'xpath=//body/div[@id='__next']/div[1]/div[1]/div[1]/div[1]/div[2]/div[1]/form[1]/div[2]/div[1]/label[1]/input[1]'.</msg>
<msg timestamp="20220802 14:31:46.327" level="INFO">Temporally setting log level to: NONE</msg>
<msg timestamp="20220802 14:31:46.478" level="INFO">Log level changed from NONE to INFO.</msg>
<status status="PASS" starttime="20220802 14:31:46.278" endtime="20220802 14:31:46.478"/>
</kw>
<kw name="Click Element" library="SeleniumLibrary">
<arg>${login}</arg>
<doc>Click the element identified by ``locator``.</doc>
<msg timestamp="20220802 14:31:46.480" level="INFO">Clicking element 'xpath=//button[contains(text(),'Login')]'.</msg>
<status status="PASS" starttime="20220802 14:31:46.479" endtime="20220802 14:31:46.598"/>
</kw>
<kw name="Sleep" library="BuiltIn">
<arg>5</arg>
<doc>Pauses the test executed for the given time.</doc>
<msg timestamp="20220802 14:31:51.610" level="INFO">Slept 5 seconds</msg>
<status status="PASS" starttime="20220802 14:31:46.599" endtime="20220802 14:31:51.610"/>
</kw>
<kw name="Close Browser" library="SeleniumLibrary">
<doc>Closes the current browser.</doc>
<status status="PASS" starttime="20220802 14:31:51.611" endtime="20220802 14:31:53.807"/>
</kw>
<kw name="Log" library="BuiltIn">
<arg>Test Selesai</arg>
<doc>Logs the given message with the given level.</doc>
<msg timestamp="20220802 14:31:53.820" level="INFO">Test Selesai</msg>
<status status="PASS" starttime="20220802 14:31:53.807" endtime="20220802 14:31:53.820"/>
</kw>
<status status="PASS" starttime="20220802 14:31:33.144" endtime="20220802 14:31:53.820"/>
</test>
<test id="s1-s1-s1-s1-t10" name="EditProfilTestN1">
<kw name="Open Browser" library="SeleniumLibrary">
<arg>${link}</arg>
<arg>chrome</arg>
<doc>Opens a new browser instance to the optional ``url``.</doc>
<msg timestamp="20220802 14:31:53.824" level="INFO">Opening browser 'chrome' to base url 'https://account.sehatq.com/login'.</msg>
<status status="PASS" starttime="20220802 14:31:53.824" endtime="20220802 14:31:56.501"/>
</kw>
<kw name="Maximize Browser Window" library="SeleniumLibrary">
<doc>Maximizes current browser window.</doc>
<status status="PASS" starttime="20220802 14:31:56.502" endtime="20220802 14:31:56.631"/>
</kw>
<kw name="Sleep" library="BuiltIn">
<arg>10</arg>
<doc>Pauses the test executed for the given time.</doc>
<msg timestamp="20220802 14:32:06.641" level="INFO">Slept 10 seconds</msg>
<status status="PASS" starttime="20220802 14:31:56.631" endtime="20220802 14:32:06.641"/>
</kw>
<kw name="Input Text" library="SeleniumLibrary">
<arg>id=email</arg>
<arg>panjaitanmelissa95@gmail.com</arg>
<doc>Types the given ``text`` into the text field identified by ``locator``.</doc>
<msg timestamp="20220802 14:32:06.641" level="INFO">Typing text 'panjaitanmelissa95@gmail.com' into text field 'id=email'.</msg>
<status status="PASS" starttime="20220802 14:32:06.641" endtime="20220802 14:32:06.947"/>
</kw>
<kw name="Input Password" library="SeleniumLibrary">
<arg>${passwordL}</arg>
<arg>berkembang1</arg>
<doc>Types the given password into the text field identified by ``locator``.</doc>
<msg timestamp="20220802 14:32:06.949" level="INFO">Typing password into text field 'xpath=//body/div[@id='__next']/div[1]/div[1]/div[1]/div[1]/div[2]/div[1]/form[1]/div[2]/div[1]/label[1]/input[1]'.</msg>
<msg timestamp="20220802 14:32:06.992" level="INFO">Temporally setting log level to: NONE</msg>
<msg timestamp="20220802 14:32:07.142" level="INFO">Log level changed from NONE to INFO.</msg>
<status status="PASS" starttime="20220802 14:32:06.948" endtime="20220802 14:32:07.143"/>
</kw>
<kw name="Click Element" library="SeleniumLibrary">
<arg>${login}</arg>
<doc>Click the element identified by ``locator``.</doc>
<msg timestamp="20220802 14:32:07.144" level="INFO">Clicking element 'xpath=//button[contains(text(),'Login')]'.</msg>
<status status="PASS" starttime="20220802 14:32:07.144" endtime="20220802 14:32:07.249"/>
</kw>
<kw name="Sleep" library="BuiltIn">
<arg>5</arg>
<doc>Pauses the test executed for the given time.</doc>
<msg timestamp="20220802 14:32:12.256" level="INFO">Slept 5 seconds</msg>
<status status="PASS" starttime="20220802 14:32:07.249" endtime="20220802 14:32:12.256"/>
</kw>
<kw name="Click Element" library="SeleniumLibrary">
<arg>${icon}</arg>
<doc>Click the element identified by ``locator``.</doc>
<msg timestamp="20220802 14:32:12.259" level="INFO">Clicking element 'xpath=//*[@id="popover-profile"]/div[1]/img'.</msg>
<status status="PASS" starttime="20220802 14:32:12.257" endtime="20220802 14:32:12.350"/>
</kw>
<kw name="Click Element" library="SeleniumLibrary">
<arg>${profil}</arg>
<doc>Click the element identified by ``locator``.</doc>
<msg timestamp="20220802 14:32:12.352" level="INFO">Clicking element 'xpath=//*[@id="popover-profile"]/div[2]/div/a[1]'.</msg>
<status status="PASS" starttime="20220802 14:32:12.351" endtime="20220802 14:32:16.533"/>
</kw>
<kw name="Wait Until Element Is Visible" library="SeleniumLibrary">
<arg>${foto}</arg>
<arg>timeout=5</arg>
<doc>Waits until the element ``locator`` is visible.</doc>
<status status="PASS" starttime="20220802 14:32:16.534" endtime="20220802 14:32:16.565"/>
</kw>
<kw name="Click Element" library="SeleniumLibrary">
<arg>${foto}</arg>
<doc>Click the element identified by ``locator``.</doc>
<msg timestamp="20220802 14:32:16.566" level="INFO">Clicking element 'xpath=//*[@id="__next"]/div[2]/div[2]/div[2]/div[2]/a'.</msg>
<status status="PASS" starttime="20220802 14:32:16.565" endtime="20220802 14:32:16.631"/>
</kw>
<kw name="Wait Until Element Is Visible" library="SeleniumLibrary">
<arg>${pilihFoto}</arg>
<arg>timeout=5</arg>
<doc>Waits until the element ``locator`` is visible.</doc>
<status status="PASS" starttime="20220802 14:32:16.631" endtime="20220802 14:32:20.865"/>
</kw>
<kw name="Choose File" library="SeleniumLibrary">
<arg>//*[@id="logo-image"]</arg>
<arg>C:\\Users\\IDstar\\OneDrive\\Gambar\\Word.docx</arg>
<doc>Inputs the ``file_path`` into the file input field ``locator``.</doc>
<msg timestamp="20220802 14:32:20.866" level="INFO">Sending C:\Users\IDstar\OneDrive\Gambar\Word.docx to browser.</msg>
<status status="PASS" starttime="20220802 14:32:20.865" endtime="20220802 14:32:21.064"/>
</kw>
<kw name="Sleep" library="BuiltIn">
<arg>5</arg>
<doc>Pauses the test executed for the given time.</doc>
<msg timestamp="20220802 14:32:26.069" level="INFO">Slept 5 seconds</msg>
<status status="PASS" starttime="20220802 14:32:21.065" endtime="20220802 14:32:26.069"/>
</kw>
<kw name="Click Element" library="SeleniumLibrary">
<arg>${simpan}</arg>
<doc>Click the element identified by ``locator``.</doc>
<msg timestamp="20220802 14:32:26.069" level="INFO">Clicking element 'xpath=//button[contains(text(),'Simpan')]'.</msg>
<status status="PASS" starttime="20220802 14:32:26.069" endtime="20220802 14:32:26.267"/>
</kw>
<kw name="Close Browser" library="SeleniumLibrary">
<doc>Closes the current browser.</doc>
<status status="PASS" starttime="20220802 14:32:26.268" endtime="20220802 14:32:28.474"/>
</kw>
<kw name="Log" library="BuiltIn">
<arg>Test Selesai</arg>
<doc>Logs the given message with the given level.</doc>
<msg timestamp="20220802 14:32:28.474" level="INFO">Test Selesai</msg>
<status status="PASS" starttime="20220802 14:32:28.474" endtime="20220802 14:32:28.474"/>
</kw>
<status status="PASS" starttime="20220802 14:31:53.824" endtime="20220802 14:32:28.474"/>
</test>
<test id="s1-s1-s1-s1-t11" name="EditProfilTestP1">
<kw name="Open Browser" library="SeleniumLibrary">
<arg>${link}</arg>
<arg>chrome</arg>
<doc>Opens a new browser instance to the optional ``url``.</doc>
<msg timestamp="20220802 14:32:28.474" level="INFO">Opening browser 'chrome' to base url 'https://account.sehatq.com/login'.</msg>
<status status="PASS" starttime="20220802 14:32:28.474" endtime="20220802 14:32:31.152"/>
</kw>
<kw name="Maximize Browser Window" library="SeleniumLibrary">
<doc>Maximizes current browser window.</doc>
<status status="PASS" starttime="20220802 14:32:31.152" endtime="20220802 14:32:31.283"/>
</kw>
<kw name="Sleep" library="BuiltIn">
<arg>10</arg>
<doc>Pauses the test executed for the given time.</doc>
<msg timestamp="20220802 14:32:41.301" level="INFO">Slept 10 seconds</msg>
<status status="PASS" starttime="20220802 14:32:31.283" endtime="20220802 14:32:41.301"/>
</kw>
<kw name="Input Text" library="SeleniumLibrary">
<arg>id=email</arg>
<arg>panjaitanmelissa95@gmail.com</arg>
<doc>Types the given ``text`` into the text field identified by ``locator``.</doc>
<msg timestamp="20220802 14:32:41.301" level="INFO">Typing text 'panjaitanmelissa95@gmail.com' into text field 'id=email'.</msg>
<status status="PASS" starttime="20220802 14:32:41.301" endtime="20220802 14:32:41.613"/>
</kw>
<kw name="Input Password" library="SeleniumLibrary">
<arg>${passwordL}</arg>
<arg>berkembang1</arg>
<doc>Types the given password into the text field identified by ``locator``.</doc>
<msg timestamp="20220802 14:32:41.614" level="INFO">Typing password into text field 'xpath=//body/div[@id='__next']/div[1]/div[1]/div[1]/div[1]/div[2]/div[1]/form[1]/div[2]/div[1]/label[1]/input[1]'.</msg>
<msg timestamp="20220802 14:32:41.655" level="INFO">Temporally setting log level to: NONE</msg>
<msg timestamp="20220802 14:32:41.804" level="INFO">Log level changed from NONE to INFO.</msg>
<status status="PASS" starttime="20220802 14:32:41.613" endtime="20220802 14:32:41.806"/>
</kw>
<kw name="Click Element" library="SeleniumLibrary">
<arg>${login}</arg>
<doc>Click the element identified by ``locator``.</doc>
<msg timestamp="20220802 14:32:41.807" level="INFO">Clicking element 'xpath=//button[contains(text(),'Login')]'.</msg>
<status status="PASS" starttime="20220802 14:32:41.806" endtime="20220802 14:32:41.918"/>
</kw>
<kw name="Sleep" library="BuiltIn">
<arg>5</arg>
<doc>Pauses the test executed for the given time.</doc>
<msg timestamp="20220802 14:32:46.934" level="INFO">Slept 5 seconds</msg>
<status status="PASS" starttime="20220802 14:32:41.919" endtime="20220802 14:32:46.935"/>
</kw>
<kw name="Click Element" library="SeleniumLibrary">
<arg>${icon}</arg>
<doc>Click the element identified by ``locator``.</doc>
<msg timestamp="20220802 14:32:46.936" level="INFO">Clicking element 'xpath=//*[@id="popover-profile"]/div[1]/img'.</msg>
<status status="PASS" starttime="20220802 14:32:46.935" endtime="20220802 14:32:53.393"/>
</kw>
<kw name="Click Element" library="SeleniumLibrary">
<arg>${profil}</arg>
<doc>Click the element identified by ``locator``.</doc>
<msg timestamp="20220802 14:32:53.395" level="INFO">Clicking element 'xpath=//*[@id="popover-profile"]/div[2]/div/a[1]'.</msg>
<status status="PASS" starttime="20220802 14:32:53.394" endtime="20220802 14:32:55.215"/>
</kw>
<kw name="Wait Until Element Is Visible" library="SeleniumLibrary">
<arg>${foto}</arg>
<arg>timeout=5</arg>
<doc>Waits until the element ``locator`` is visible.</doc>
<status status="PASS" starttime="20220802 14:32:55.215" endtime="20220802 14:32:55.239"/>
</kw>
<kw name="Click Element" library="SeleniumLibrary">
<arg>${foto}</arg>
<doc>Click the element identified by ``locator``.</doc>
<msg timestamp="20220802 14:32:55.240" level="INFO">Clicking element 'xpath=//*[@id="__next"]/div[2]/div[2]/div[2]/div[2]/a'.</msg>
<status status="PASS" starttime="20220802 14:32:55.240" endtime="20220802 14:32:55.309"/>
</kw>
<kw name="Wait Until Element Is Visible" library="SeleniumLibrary">
<arg>${pilihFoto}</arg>
<arg>timeout=5</arg>
<doc>Waits until the element ``locator`` is visible.</doc>
<status status="PASS" starttime="20220802 14:32:55.309" endtime="20220802 14:32:58.532"/>
</kw>
<kw name="Choose File" library="SeleniumLibrary">
<arg>//*[@id="logo-image"]</arg>
<arg>C:\\Users\\IDstar\\OneDrive\\Gambar\\Logo.jpg</arg>
<doc>Inputs the ``file_path`` into the file input field ``locator``.</doc>
<msg timestamp="20220802 14:32:58.533" level="INFO">Sending C:\Users\IDstar\OneDrive\Gambar\Logo.jpg to browser.</msg>
<status status="PASS" starttime="20220802 14:32:58.532" endtime="20220802 14:32:58.658"/>
</kw>
<kw name="Sleep" library="BuiltIn">
<arg>5</arg>
<doc>Pauses the test executed for the given time.</doc>
<msg timestamp="20220802 14:33:03.672" level="INFO">Slept 5 seconds</msg>
<status status="PASS" starttime="20220802 14:32:58.658" endtime="20220802 14:33:03.673"/>
</kw>
<kw name="Click Element" library="SeleniumLibrary">
<arg>${simpan}</arg>
<doc>Click the element identified by ``locator``.</doc>
<msg timestamp="20220802 14:33:03.673" level="INFO">Clicking element 'xpath=//button[contains(text(),'Simpan')]'.</msg>
<status status="PASS" starttime="20220802 14:33:03.673" endtime="20220802 14:33:03.825"/>
</kw>
<kw name="Close Browser" library="SeleniumLibrary">
<doc>Closes the current browser.</doc>
<status status="PASS" starttime="20220802 14:33:03.825" endtime="20220802 14:33:06.063"/>
</kw>
<kw name="Log" library="BuiltIn">
<arg>Test Selesai</arg>
<doc>Logs the given message with the given level.</doc>
<msg timestamp="20220802 14:33:06.067" level="INFO">Test Selesai</msg>
<status status="PASS" starttime="20220802 14:33:06.063" endtime="20220802 14:33:06.067"/>
</kw>
<status status="PASS" starttime="20220802 14:32:28.474" endtime="20220802 14:33:06.068"/>
</test>
<status status="PASS" starttime="20220802 14:28:23.247" endtime="20220802 14:33:06.073"/>
</suite>
<status status="PASS" starttime="20220802 14:28:23.245" endtime="20220802 14:33:06.094"/>
</suite>
<status status="PASS" starttime="20220802 14:28:23.243" endtime="20220802 14:33:06.094"/>
</suite>
<status status="PASS" starttime="20220802 14:28:23.221" endtime="20220802 14:33:06.094"/>
</suite>
<statistics>
<total>
<stat pass="11" fail="0" skip="0">All Tests</stat>
</total>
<tag>
</tag>
<suite>
<stat pass="11" fail="0" skip="0" id="s1" name="RobotTestMelissa">RobotTestMelissa</stat>
<stat pass="11" fail="0" skip="0" id="s1-s1" name="RobotTest">RobotTestMelissa.RobotTest</stat>
<stat pass="11" fail="0" skip="0" id="s1-s1-s1" name="TestSuite">RobotTestMelissa.RobotTest.TestSuite</stat>
<stat pass="11" fail="0" skip="0" id="s1-s1-s1-s1" name="SehatQWeb">RobotTestMelissa.RobotTest.TestSuite.SehatQWeb</stat>
</suite>
</statistics>
<errors>
</errors>
</robot>
