<?xml version="1.0" encoding="UTF-8"?>
<robot generator="Robot 4.1 (Python 3.8.0 on win32)" generated="20220802 11:50:39.973" rpa="false" schemaversion="2">
<suite id="s1" name="RobotTestMelissa" source="D:\RobotTestMelissa">
<suite id="s1-s1" name="RobotTest" source="D:\RobotTestMelissa\RobotTest">
<suite id="s1-s1-s1" name="TestSuite" source="D:\RobotTestMelissa\RobotTest\TestSuite">
<suite id="s1-s1-s1-s1" name="SehatQWeb" source="D:\RobotTestMelissa\RobotTest\TestSuite\SehatQWeb.robot">
<test id="s1-s1-s1-s1-t1" name="LoginTestN11">
<kw name="Open Browser" library="SeleniumLibrary">
<arg>${link}</arg>
<arg>chrome</arg>
<doc>Opens a new browser instance to the optional ``url``.</doc>
<msg timestamp="20220802 11:50:40.297" level="INFO">Opening browser 'chrome' to base url 'https://account.sehatq.com/login'.</msg>
<status status="PASS" starttime="20220802 11:50:40.296" endtime="20220802 11:50:51.026"/>
</kw>
<kw name="Maximize Browser Window" library="SeleniumLibrary">
<doc>Maximizes current browser window.</doc>
<status status="PASS" starttime="20220802 11:50:51.028" endtime="20220802 11:50:51.161"/>
</kw>
<kw name="Sleep" library="BuiltIn">
<arg>10</arg>
<doc>Pauses the test executed for the given time.</doc>
<msg timestamp="20220802 11:51:01.175" level="INFO">Slept 10 seconds</msg>
<status status="PASS" starttime="20220802 11:50:51.162" endtime="20220802 11:51:01.175"/>
</kw>
<kw name="Input Password" library="SeleniumLibrary">
<arg>${passwordL}</arg>
<arg>berkembang1</arg>
<doc>Types the given password into the text field identified by ``locator``.</doc>
<msg timestamp="20220802 11:51:01.175" level="INFO">Typing password into text field 'xpath=//body/div[@id='__next']/div[1]/div[1]/div[1]/div[1]/div[2]/div[1]/form[1]/div[2]/div[1]/label[1]/input[1]'.</msg>
<msg timestamp="20220802 11:51:01.266" level="INFO">Temporally setting log level to: NONE</msg>
<msg timestamp="20220802 11:51:01.498" level="INFO">Log level changed from NONE to INFO.</msg>
<status status="PASS" starttime="20220802 11:51:01.175" endtime="20220802 11:51:01.498"/>
</kw>
<kw name="Click Element" library="SeleniumLibrary">
<arg>${login}</arg>
<doc>Click the element identified by ``locator``.</doc>
<msg timestamp="20220802 11:51:01.506" level="INFO">Clicking element 'xpath=//button[contains(text(),'Login')]'.</msg>
<status status="PASS" starttime="20220802 11:51:01.498" endtime="20220802 11:51:01.601"/>
</kw>
<kw name="Sleep" library="BuiltIn">
<arg>5</arg>
<doc>Pauses the test executed for the given time.</doc>
<msg timestamp="20220802 11:51:06.613" level="INFO">Slept 5 seconds</msg>
<status status="PASS" starttime="20220802 11:51:01.601" endtime="20220802 11:51:06.614"/>
</kw>
<kw name="Log" library="BuiltIn">
<arg>Test SelesaiLoginTest</arg>
<doc>Logs the given message with the given level.</doc>
<msg timestamp="20220802 11:51:06.614" level="INFO">Test SelesaiLoginTest</msg>
<status status="PASS" starttime="20220802 11:51:06.614" endtime="20220802 11:51:06.614"/>
</kw>
<status status="PASS" starttime="20220802 11:50:40.295" endtime="20220802 11:51:06.614"/>
</test>
<status status="PASS" starttime="20220802 11:50:40.042" endtime="20220802 11:51:06.614"/>
</suite>
<status status="PASS" starttime="20220802 11:50:40.039" endtime="20220802 11:51:06.630"/>
</suite>
<status status="PASS" starttime="20220802 11:50:40.036" endtime="20220802 11:51:06.637"/>
</suite>
<status status="PASS" starttime="20220802 11:50:40.010" endtime="20220802 11:51:06.642"/>
</suite>
<statistics>
<total>
<stat pass="1" fail="0" skip="0">All Tests</stat>
</total>
<tag>
</tag>
<suite>
<stat pass="1" fail="0" skip="0" id="s1" name="RobotTestMelissa">RobotTestMelissa</stat>
<stat pass="1" fail="0" skip="0" id="s1-s1" name="RobotTest">RobotTestMelissa.RobotTest</stat>
<stat pass="1" fail="0" skip="0" id="s1-s1-s1" name="TestSuite">RobotTestMelissa.RobotTest.TestSuite</stat>
<stat pass="1" fail="0" skip="0" id="s1-s1-s1-s1" name="SehatQWeb">RobotTestMelissa.RobotTest.TestSuite.SehatQWeb</stat>
</suite>
</statistics>
<errors>
</errors>
</robot>
