<?xml version="1.0" encoding="UTF-8"?>
<robot generator="Robot 3.1.2 (Python 3.8.0 on win32)" generated="20191129 09:51:20.865" rpa="false">
<suite id="s1" name="RobotTestCIS" source="D:\PPMPL\praktikum\RobotTestCIS">
<suite id="s1-s1" name="TestSuite" source="D:\PPMPL\praktikum\RobotTestCIS\TestSuite">
<suite id="s1-s1-s1" name="TranslateAndListenGoogle" source="D:\PPMPL\praktikum\RobotTestCIS\TestSuite\TranslateAndListenGoogle.robot">
<test id="s1-s1-s1-t1" name="TranslateAndListenDelInstituteofTechnologySalah">
<kw name="Open Browser" library="SeleniumLibrary">
<doc>Opens a new browser instance to the optional ``url``.</doc>
<arguments>
<arg>https://google.com</arg>
<arg>chrome</arg>
</arguments>
<msg timestamp="20191129 09:51:21.039" level="INFO">Opening browser 'chrome' to base url 'https://google.com'.</msg>
<status status="PASS" starttime="20191129 09:51:21.039" endtime="20191129 09:51:30.103"></status>
</kw>
<kw name="Sleep" library="BuiltIn">
<doc>Pauses the test executed for the given time.</doc>
<arguments>
<arg>5</arg>
</arguments>
<msg timestamp="20191129 09:51:35.106" level="INFO">Slept 5 seconds</msg>
<status status="PASS" starttime="20191129 09:51:30.103" endtime="20191129 09:51:35.106"></status>
</kw>
<kw name="Input Text" library="SeleniumLibrary">
<doc>Types the given ``text`` into the text field identified by ``locator``.</doc>
<arguments>
<arg>xpath=//*[@id="tsf"]/div[2]/div[1]/div[1]/div/div[2]/input</arg>
<arg>Translate</arg>
</arguments>
<msg timestamp="20191129 09:51:35.107" level="INFO">Typing text 'Translate' into text field 'xpath=//*[@id="tsf"]/div[2]/div[1]/div[1]/div/div[2]/input'.</msg>
<status status="PASS" starttime="20191129 09:51:35.106" endtime="20191129 09:51:35.217"></status>
</kw>
<kw name="Click Element" library="SeleniumLibrary">
<doc>Click the element identified by ``locator``.</doc>
<arguments>
<arg>xpath=//*[@id="tsf"]/div[2]/div[1]/div[3]/center/input[1]</arg>
</arguments>
<msg timestamp="20191129 09:51:35.217" level="INFO">Clicking element 'xpath=//*[@id="tsf"]/div[2]/div[1]/div[3]/center/input[1]'.</msg>
<status status="PASS" starttime="20191129 09:51:35.217" endtime="20191129 09:51:39.120"></status>
</kw>
<kw name="Sleep" library="BuiltIn">
<doc>Pauses the test executed for the given time.</doc>
<arguments>
<arg>5</arg>
</arguments>
<msg timestamp="20191129 09:51:44.122" level="INFO">Slept 5 seconds</msg>
<status status="PASS" starttime="20191129 09:51:39.120" endtime="20191129 09:51:44.122"></status>
</kw>
<kw name="Input Text" library="SeleniumLibrary">
<doc>Types the given ``text`` into the text field identified by ``locator``.</doc>
<arguments>
<arg>xpath=//*[@id="tw-source-text-ta"]</arg>
<arg>Bandung Institute of Technology</arg>
</arguments>
<msg timestamp="20191129 09:51:44.123" level="INFO">Typing text 'Bandung Institute of Technology' into text field 'xpath=//*[@id="tw-source-text-ta"]'.</msg>
<status status="PASS" starttime="20191129 09:51:44.122" endtime="20191129 09:51:44.486"></status>
</kw>
<kw name="Sleep" library="BuiltIn">
<doc>Pauses the test executed for the given time.</doc>
<arguments>
<arg>5</arg>
</arguments>
<msg timestamp="20191129 09:51:49.489" level="INFO">Slept 5 seconds</msg>
<status status="PASS" starttime="20191129 09:51:44.486" endtime="20191129 09:51:49.489"></status>
</kw>
<kw name="Click Element" library="SeleniumLibrary">
<doc>Click the element identified by ``locator``.</doc>
<arguments>
<arg>xpath=//*[@id="tw-src-spkr-button"]/span</arg>
</arguments>
<msg timestamp="20191129 09:51:49.490" level="INFO">Clicking element 'xpath=//*[@id="tw-src-spkr-button"]/span'.</msg>
<status status="PASS" starttime="20191129 09:51:49.489" endtime="20191129 09:51:49.549"></status>
</kw>
<kw name="Sleep" library="BuiltIn">
<doc>Pauses the test executed for the given time.</doc>
<arguments>
<arg>5</arg>
</arguments>
<msg timestamp="20191129 09:51:54.552" level="INFO">Slept 5 seconds</msg>
<status status="PASS" starttime="20191129 09:51:49.550" endtime="20191129 09:51:54.552"></status>
</kw>
<kw name="Click Element" library="SeleniumLibrary">
<doc>Click the element identified by ``locator``.</doc>
<arguments>
<arg>xpath=//*[@id="tw-spkr-button"]/span</arg>
</arguments>
<msg timestamp="20191129 09:51:54.553" level="INFO">Clicking element 'xpath=//*[@id="tw-spkr-button"]/span'.</msg>
<status status="PASS" starttime="20191129 09:51:54.552" endtime="20191129 09:51:54.613"></status>
</kw>
<kw name="Sleep" library="BuiltIn">
<doc>Pauses the test executed for the given time.</doc>
<arguments>
<arg>5</arg>
</arguments>
<msg timestamp="20191129 09:51:59.613" level="INFO">Slept 5 seconds</msg>
<status status="PASS" starttime="20191129 09:51:54.613" endtime="20191129 09:51:59.613"></status>
</kw>
<kw name="Close Browser" library="SeleniumLibrary">
<doc>Closes the current browser.</doc>
<status status="PASS" starttime="20191129 09:51:59.613" endtime="20191129 09:52:01.827"></status>
</kw>
<kw name="Log" library="BuiltIn">
<doc>Logs the given message with the given level.</doc>
<arguments>
<arg>Test TranslateAndListenDelInstituteofTechnologySalah Selesai</arg>
</arguments>
<msg timestamp="20191129 09:52:01.828" level="INFO">Test TranslateAndListenDelInstituteofTechnologySalah Selesai</msg>
<status status="PASS" starttime="20191129 09:52:01.828" endtime="20191129 09:52:01.828"></status>
</kw>
<status status="PASS" starttime="20191129 09:51:21.038" endtime="20191129 09:52:01.829" critical="yes"></status>
</test>
<status status="PASS" starttime="20191129 09:51:20.914" endtime="20191129 09:52:01.829"></status>
</suite>
<status status="PASS" starttime="20191129 09:51:20.912" endtime="20191129 09:52:01.831"></status>
</suite>
<status status="PASS" starttime="20191129 09:51:20.894" endtime="20191129 09:52:01.832"></status>
</suite>
<statistics>
<total>
<stat pass="1" fail="0">Critical Tests</stat>
<stat pass="1" fail="0">All Tests</stat>
</total>
<tag>
</tag>
<suite>
<stat pass="1" fail="0" id="s1" name="RobotTestCIS">RobotTestCIS</stat>
<stat pass="1" fail="0" id="s1-s1" name="TestSuite">RobotTestCIS.TestSuite</stat>
<stat pass="1" fail="0" id="s1-s1-s1" name="TranslateAndListenGoogle">RobotTestCIS.TestSuite.TranslateAndListenGoogle</stat>
</suite>
</statistics>
<errors>
</errors>
</robot>
